22-12-15 10:53:00.4420504 pid:11360 tid:47 sqltools Critical: 0 : Exception in IntelliCode extension for Microsoft SQL Language Server: System.OperationCanceledException: The operation was canceled.
   at System.Threading.CancellationToken.ThrowOperationCanceledException()
   at Microsoft.VisualStudio.IntelliCode.SQL.PythiaService.GetRecommendationsFromTokens(Stopwatch watch, IEnumerable`1 tokens, CompletionItem[] completions, CancellationToken cancellationToken)
   at Microsoft.VisualStudio.IntelliCode.SQL.PythiaService.GetRecommendationsAsync(ConnectionInfo connInfo, ScriptDocumentInfo scriptDocumentInfo, CompletionItem[] completions, CancellationToken cancellationToken)
   at Microsoft.VisualStudio.IntelliCode.SQL.CompletionExtension.HandleCompletionAsync(ConnectionInfo connInfo, ScriptDocumentInfo scriptDocumentInfo, CompletionItem[] completions, CancellationToken token)
22-12-15 12:34:49.6356987 pid:11360 tid:143 sqltools Critical: 0 : Exception in IntelliCode extension for Microsoft SQL Language Server: System.NullReferenceException: Object reference not set to an instance of an object.
   at Microsoft.VisualStudio.IntelliCode.SQL.PythiaService.GetRecommendationsAsync(ConnectionInfo connInfo, ScriptDocumentInfo scriptDocumentInfo, CompletionItem[] completions, CancellationToken cancellationToken)
   at Microsoft.VisualStudio.IntelliCode.SQL.CompletionExtension.HandleCompletionAsync(ConnectionInfo connInfo, ScriptDocumentInfo scriptDocumentInfo, CompletionItem[] completions, CancellationToken token)
22-12-15 12:43:52.0222858 pid:11360 tid:99 sqltools Critical: 0 : Exception in IntelliCode extension for Microsoft SQL Language Server: System.NullReferenceException: Object reference not set to an instance of an object.
   at Microsoft.VisualStudio.IntelliCode.SQL.PythiaService.GetRecommendationsAsync(ConnectionInfo connInfo, ScriptDocumentInfo scriptDocumentInfo, CompletionItem[] completions, CancellationToken cancellationToken)
   at Microsoft.VisualStudio.IntelliCode.SQL.CompletionExtension.HandleCompletionAsync(ConnectionInfo connInfo, ScriptDocumentInfo scriptDocumentInfo, CompletionItem[] completions, CancellationToken token)
22-12-15 15:05:54.9523799 pid:11360 tid:67 sqltools Critical: 0 : Exception in IntelliCode extension for Microsoft SQL Language Server: System.NullReferenceException: Object reference not set to an instance of an object.
   at Microsoft.VisualStudio.IntelliCode.SQL.PythiaService.GetRecommendationsAsync(ConnectionInfo connInfo, ScriptDocumentInfo scriptDocumentInfo, CompletionItem[] completions, CancellationToken cancellationToken)
   at Microsoft.VisualStudio.IntelliCode.SQL.CompletionExtension.HandleCompletionAsync(ConnectionInfo connInfo, ScriptDocumentInfo scriptDocumentInfo, CompletionItem[] completions, CancellationToken token)
22-12-15 16:17:58.1654116 pid:11360 tid:65 sqltools Critical: 0 : Exception in IntelliCode extension for Microsoft SQL Language Server: System.NullReferenceException: Object reference not set to an instance of an object.
   at Microsoft.VisualStudio.IntelliCode.SQL.PythiaService.GetRecommendationsAsync(ConnectionInfo connInfo, ScriptDocumentInfo scriptDocumentInfo, CompletionItem[] completions, CancellationToken cancellationToken)
   at Microsoft.VisualStudio.IntelliCode.SQL.CompletionExtension.HandleCompletionAsync(ConnectionInfo connInfo, ScriptDocumentInfo scriptDocumentInfo, CompletionItem[] completions, CancellationToken token)
22-12-15 16:38:19.3590189 pid:11360 tid:123 sqltools Critical: 0 : Exception in IntelliCode extension for Microsoft SQL Language Server: System.NullReferenceException: Object reference not set to an instance of an object.
   at Microsoft.VisualStudio.IntelliCode.SQL.PythiaService.GetRecommendationsAsync(ConnectionInfo connInfo, ScriptDocumentInfo scriptDocumentInfo, CompletionItem[] completions, CancellationToken cancellationToken)
   at Microsoft.VisualStudio.IntelliCode.SQL.CompletionExtension.HandleCompletionAsync(ConnectionInfo connInfo, ScriptDocumentInfo scriptDocumentInfo, CompletionItem[] completions, Cancell